2019-09-17 08:50:10,356 INFO  log – Request recibido - Método: "http://tisal.cl/Suma" - ::1
2019-09-17 08:50:10,362 ERROR log – Error de Acceso [Token inválido] - "http://tisal.cl/Suma" - ::1
2019-09-17 08:50:42,224 INFO  log – Request recibido - Método: "http://tisal.cl/Suma" - ::1
2019-09-17 08:50:42,224 ERROR log – Error de Acceso [Token inválido] - "http://tisal.cl/Suma" - ::1
2019-09-17 08:50:44,737 INFO  log – Request recibido - Método: "http://tisal.cl/Suma" - ::1
2019-09-17 08:50:44,737 ERROR log – Error de Acceso [Token inválido] - "http://tisal.cl/Suma" - ::1
2019-09-17 08:50:45,458 INFO  log – Request recibido - Método: "http://tisal.cl/HolaMundo" - ::1
2019-09-17 08:50:45,460 ERROR log – Error de Acceso [Sin Token] - "http://tisal.cl/HolaMundo" - ::1
2019-09-17 08:50:46,841 INFO  log – Request recibido - Método: "http://tisal.cl/Suma" - ::1
2019-09-17 08:50:46,841 ERROR log – Error de Acceso [Token inválido] - "http://tisal.cl/Suma" - ::1
2019-09-17 09:03:00,779 INFO  log – Request recibido - Método: "http://tisal.cl/HolaMundo" - ::1
2019-09-17 09:03:00,779 ERROR log – Error de Acceso [Sin Token] - "http://tisal.cl/HolaMundo" - ::1
2019-09-17 09:03:04,109 INFO  log – Request recibido - Método: "http://tisal.cl/Suma" - ::1
2019-09-17 09:03:04,109 INFO  log – Acceso OK - "http://tisal.cl/Suma" - ::1
2019-09-17 09:03:05,850 INFO  log – Request recibido - Método: "http://tisal.cl/Suma" - ::1
2019-09-17 09:03:05,850 INFO  log – Acceso OK - "http://tisal.cl/Suma" - ::1
2019-09-17 09:03:07,418 INFO  log – Request recibido - Método: "http://tisal.cl/Suma" - ::1
2019-09-17 09:03:07,419 INFO  log – Acceso OK - "http://tisal.cl/Suma" - ::1
2019-09-17 09:03:08,977 INFO  log – Request recibido - Método: "http://tisal.cl/HolaMundo" - ::1
2019-09-17 09:03:08,977 ERROR log – Error de Acceso [Sin Token] - "http://tisal.cl/HolaMundo" - ::1
2019-09-17 09:03:12,217 INFO  log – Request recibido - Método: "http://tisal.cl/Suma" - ::1
2019-09-17 09:03:12,217 ERROR log – Error de Acceso [Token inválido] - "http://tisal.cl/Suma" - ::1
2019-09-17 09:03:13,963 INFO  log – Request recibido - Método: "http://tisal.cl/Suma" - ::1
2019-09-17 09:03:13,963 ERROR log – Error de Acceso [Token inválido] - "http://tisal.cl/Suma" - ::1
2019-09-17 09:03:14,650 INFO  log – Request recibido - Método: "http://tisal.cl/Suma" - ::1
2019-09-17 09:03:14,651 ERROR log – Error de Acceso [Token inválido] - "http://tisal.cl/Suma" - ::1
2019-09-17 09:03:15,452 INFO  log – Request recibido - Método: "http://tisal.cl/HolaMundo" - ::1
2019-09-17 09:03:15,452 ERROR log – Error de Acceso [Sin Token] - "http://tisal.cl/HolaMundo" - ::1
2019-09-17 09:03:15,979 INFO  log – Request recibido - Método: "http://tisal.cl/Suma" - ::1
2019-09-17 09:03:15,979 INFO  log – Acceso OK - "http://tisal.cl/Suma" - ::1
2019-09-17 09:03:17,002 INFO  log – Request recibido - Método: "http://tisal.cl/Suma" - ::1
2019-09-17 09:03:17,002 ERROR log – Error de Acceso [Token inválido] - "http://tisal.cl/Suma" - ::1
2019-09-17 09:03:18,602 INFO  log – Request recibido - Método: "http://tisal.cl/HolaMundo" - ::1
2019-09-17 09:03:18,602 ERROR log – Error de Acceso [Sin Token] - "http://tisal.cl/HolaMundo" - ::1
2019-09-17 09:03:19,314 INFO  log – Request recibido - Método: "http://tisal.cl/Suma" - ::1
2019-09-17 09:03:19,314 INFO  log – Acceso OK - "http://tisal.cl/Suma" - ::1
2019-09-17 09:03:20,362 INFO  log – Request recibido - Método: "http://tisal.cl/Suma" - ::1
2019-09-17 09:03:20,363 ERROR log – Error de Acceso [Token inválido] - "http://tisal.cl/Suma" - ::1
2019-09-17 09:03:20,757 INFO  log – Request recibido - Método: "http://tisal.cl/HolaMundo" - ::1
2019-09-17 09:03:20,757 ERROR log – Error de Acceso [Sin Token] - "http://tisal.cl/HolaMundo" - ::1
2019-09-17 09:03:21,180 INFO  log – Request recibido - Método: "http://tisal.cl/Suma" - ::1
2019-09-17 09:03:21,180 INFO  log – Acceso OK - "http://tisal.cl/Suma" - ::1
2019-09-17 09:03:22,011 INFO  log – Request recibido - Método: "http://tisal.cl/HolaMundo" - ::1
2019-09-17 09:03:22,011 ERROR log – Error de Acceso [Sin Token] - "http://tisal.cl/HolaMundo" - ::1
2019-09-17 09:03:22,442 INFO  log – Request recibido - Método: "http://tisal.cl/Suma" - ::1
2019-09-17 09:03:22,442 ERROR log – Error de Acceso [Token inválido] - "http://tisal.cl/Suma" - ::1
2019-09-17 09:03:22,947 INFO  log – Request recibido - Método: "http://tisal.cl/HolaMundo" - ::1
2019-09-17 09:03:22,947 ERROR log – Error de Acceso [Sin Token] - "http://tisal.cl/HolaMundo" - ::1
2019-09-17 09:03:23,322 INFO  log – Request recibido - Método: "http://tisal.cl/Suma" - ::1
2019-09-17 09:03:23,322 INFO  log – Acceso OK - "http://tisal.cl/Suma" - ::1
2019-09-17 09:03:23,947 INFO  log – Request recibido - Método: "http://tisal.cl/Suma" - ::1
2019-09-17 09:03:23,947 ERROR log – Error de Acceso [Token inválido] - "http://tisal.cl/Suma" - ::1
2019-09-17 09:03:24,387 INFO  log – Request recibido - Método: "http://tisal.cl/HolaMundo" - ::1
2019-09-17 09:03:24,387 ERROR log – Error de Acceso [Sin Token] - "http://tisal.cl/HolaMundo" - ::1
2019-09-17 09:03:24,764 INFO  log – Request recibido - Método: "http://tisal.cl/Suma" - ::1
2019-09-17 09:03:24,764 INFO  log – Acceso OK - "http://tisal.cl/Suma" - ::1
2019-09-17 09:41:48,384 INFO  log – Request recibido - Método: "http://tisal.cl/Suma" - ::1
2019-09-17 09:41:48,391 INFO  log – Acceso OK - "http://tisal.cl/Suma" - ::1
2019-09-17 09:41:49,814 INFO  log – Request recibido - Método: "http://tisal.cl/HolaMundo" - ::1
2019-09-17 09:41:49,814 ERROR log – Error de Acceso [Sin Token] - "http://tisal.cl/HolaMundo" - ::1
2019-09-17 09:41:50,956 INFO  log – Request recibido - Método: "http://tisal.cl/Suma" - ::1
2019-09-17 09:41:50,956 ERROR log – Error de Acceso [Token inválido] - "http://tisal.cl/Suma" - ::1
2019-09-17 09:41:52,179 INFO  log – Request recibido - Método: "http://tisal.cl/HolaMundo" - ::1
2019-09-17 09:41:52,179 ERROR log – Error de Acceso [Sin Token] - "http://tisal.cl/HolaMundo" - ::1
2019-09-17 09:41:53,083 INFO  log – Request recibido - Método: "http://tisal.cl/Suma" - ::1
2019-09-17 09:41:53,083 INFO  log – Acceso OK - "http://tisal.cl/Suma" - ::1
2019-09-17 09:41:55,388 INFO  log – Request recibido - Método: "http://tisal.cl/Suma" - ::1
2019-09-17 09:41:55,388 INFO  log – Acceso OK - "http://tisal.cl/Suma" - ::1
2019-09-17 09:41:55,930 INFO  log – Request recibido - Método: "http://tisal.cl/HolaMundo" - ::1
2019-09-17 09:41:55,930 ERROR log – Error de Acceso [Sin Token] - "http://tisal.cl/HolaMundo" - ::1
2019-09-17 09:41:56,493 INFO  log – Request recibido - Método: "http://tisal.cl/Suma" - ::1
2019-09-17 09:41:56,493 INFO  log – Acceso OK - "http://tisal.cl/Suma" - ::1
2019-09-17 09:41:57,051 INFO  log – Request recibido - Método: "http://tisal.cl/HolaMundo" - ::1
2019-09-17 09:41:57,051 ERROR log – Error de Acceso [Sin Token] - "http://tisal.cl/HolaMundo" - ::1
2019-09-17 09:41:57,613 INFO  log – Request recibido - Método: "http://tisal.cl/Suma" - ::1
2019-09-17 09:41:57,613 INFO  log – Acceso OK - "http://tisal.cl/Suma" - ::1
2019-09-17 09:42:03,125 INFO  log – Request recibido - Método: "http://tisal.cl/Suma" - ::1
2019-09-17 09:42:03,125 ERROR log – Error de Acceso [Token inválido] - "http://tisal.cl/Suma" - ::1
2019-09-17 09:42:04,500 INFO  log – Request recibido - Método: "http://tisal.cl/HolaMundo" - ::1
2019-09-17 09:42:04,500 ERROR log – Error de Acceso [Sin Token] - "http://tisal.cl/HolaMundo" - ::1
2019-09-17 09:42:05,700 INFO  log – Request recibido - Método: "http://tisal.cl/Suma" - ::1
2019-09-17 09:42:05,700 ERROR log – Error de Acceso [Token inválido] - "http://tisal.cl/Suma" - ::1
2019-09-17 09:42:06,237 INFO  log – Request recibido - Método: "http://tisal.cl/HolaMundo" - ::1
2019-09-17 09:42:06,237 ERROR log – Error de Acceso [Sin Token] - "http://tisal.cl/HolaMundo" - ::1
2019-09-17 09:42:06,684 INFO  log – Request recibido - Método: "http://tisal.cl/Suma" - ::1
2019-09-17 09:42:06,684 ERROR log – Error de Acceso [Token inválido] - "http://tisal.cl/Suma" - ::1
2019-09-17 10:02:15,239 INFO  log – Request recibido - Método: "http://tisal.cl/Suma" - ::1
2019-09-17 10:02:15,247 INFO  log – Acceso OK - "http://tisal.cl/Suma" - ::1
2019-09-17 10:21:03,613 INFO  log – Request recibido - Método: "http://tisal.cl/Suma" - ::1
2019-09-17 10:21:03,618 INFO  log – Acceso OK - "http://tisal.cl/Suma" - ::1
2019-09-17 10:21:05,123 INFO  log – Request recibido - Método: "http://tisal.cl/Suma" - ::1
2019-09-17 10:21:05,124 INFO  log – Acceso OK - "http://tisal.cl/Suma" - ::1
2019-09-17 10:21:05,968 INFO  log – Request recibido - Método: "http://tisal.cl/HolaMundo" - ::1
2019-09-17 10:21:05,969 ERROR log – Error de Acceso [Sin Token] - "http://tisal.cl/HolaMundo" - ::1
2019-09-17 10:21:07,281 INFO  log – Request recibido - Método: "http://tisal.cl/Suma" - ::1
2019-09-17 10:21:07,281 ERROR log – Error de Acceso [Token inválido] - "http://tisal.cl/Suma" - ::1
2019-09-17 11:16:45,649 INFO  log – Request recibido - Método: "http://tisal.cl/HolaMundo" - ::1
2019-09-17 11:16:45,655 INFO  log – Acceso OK - "http://tisal.cl/HolaMundo" - ::1
